app/build/intermediates/manifest_merge_blame_file/release/manifest-merger-blame-release-report.txt
1<?xml version="1.0" encoding="utf-8"?>
2<manifest xmlns:android="http://schemas.android.com/apk/res/android"
3    package="com.testProject.giphy"
4    android:versionCode="2"
5    android:versionName="1.0.1" >
6
7    <uses-sdk
8        android:minSdkVersion="23"
8-->src/main/AndroidManifest.xml
9        android:targetSdkVersion="29" />
9-->src/main/AndroidManifest.xml
10
11    <uses-permission android:name="android.permission.WAKE_LOCK" />
11-->src/main/AndroidManifest.xml:5:5-68
11-->src/main/AndroidManifest.xml:5:22-65
12    <uses-permission android:name="android.permission.INTERNET" />
12-->src/main/AndroidManifest.xml:6:5-67
12-->src/main/AndroidManifest.xml:6:22-64
13    <uses-permission android:name="android.permission.WRITE_EXTERNAL_STORAGE" />
13-->src/main/AndroidManifest.xml:7:5-81
13-->src/main/AndroidManifest.xml:7:22-78
14    <uses-permission android:name="android.permission.READ_EXTERNAL_STORAGE" />
14-->src/main/AndroidManifest.xml:8:5-80
14-->src/main/AndroidManifest.xml:8:22-77
15
16    <!-- To allow starting foreground services on Android P+ - https://developer.android.com/preview/behavior-changes#fg-svc -->
17    <uses-permission android:name="android.permission.FOREGROUND_SERVICE" />
17-->[com.squareup.leakcanary:leakcanary-android:1.6.3] AndroidManifest.xml:26:5-77
17-->[com.squareup.leakcanary:leakcanary-android:1.6.3] AndroidManifest.xml:26:22-74
18
19    <application
19-->src/main/AndroidManifest.xml:10:5-31:19
20        android:allowBackup="true"
20-->src/main/AndroidManifest.xml:11:9-35
21        android:appComponentFactory="androidx.core.app.CoreComponentFactory"
21-->[androidx.core:core:1.3.1] AndroidManifest.xml:24:18-86
22        android:extractNativeLibs="false"
23        android:icon="@mipmap/ic_launcher"
23-->src/main/AndroidManifest.xml:12:9-43
24        android:label="@string/app_name"
24-->src/main/AndroidManifest.xml:13:9-41
25        android:networkSecurityConfig="@xml/network_security_config"
25-->src/main/AndroidManifest.xml:14:9-69
26        android:roundIcon="@mipmap/ic_launcher_round"
26-->src/main/AndroidManifest.xml:15:9-54
27        android:supportsRtl="true"
27-->src/main/AndroidManifest.xml:16:9-35
28        android:theme="@style/AppTheme" >
28-->src/main/AndroidManifest.xml:17:9-40
29        <activity android:name="com.testProject.giphy.WishList" />
29-->src/main/AndroidManifest.xml:18:9-55
29-->src/main/AndroidManifest.xml:18:19-43
30
31        <meta-data
31-->src/main/AndroidManifest.xml:20:9-22:36
32            android:name="com.google.android.wearable.standalone"
32-->src/main/AndroidManifest.xml:21:13-66
33            android:value="true" />
33-->src/main/AndroidManifest.xml:22:13-33
34
35        <activity android:name="com.testProject.giphy.MainActivity" >
35-->src/main/AndroidManifest.xml:24:9-30:20
35-->src/main/AndroidManifest.xml:24:19-47
36            <intent-filter>
36-->src/main/AndroidManifest.xml:25:13-29:29
37                <action android:name="android.intent.action.MAIN" />
37-->src/main/AndroidManifest.xml:26:17-69
37-->src/main/AndroidManifest.xml:26:25-66
38
39                <category android:name="android.intent.category.LAUNCHER" />
39-->src/main/AndroidManifest.xml:28:17-77
39-->src/main/AndroidManifest.xml:28:27-74
40            </intent-filter>
41        </activity>
42
43        <uses-library
43-->[com.giphy.sdk:ui:1.3.2] AndroidManifest.xml:13:9-15:40
44            android:name="android.test.runner"
44-->[com.giphy.sdk:ui:1.3.2] AndroidManifest.xml:14:13-47
45            android:required="false" />
45-->[com.giphy.sdk:ui:1.3.2] AndroidManifest.xml:15:13-37
46        <uses-library
46-->[com.giphy.sdk:ui:1.3.2] AndroidManifest.xml:16:9-18:40
47            android:name="android.test.base"
47-->[com.giphy.sdk:ui:1.3.2] AndroidManifest.xml:17:13-45
48            android:required="false" />
48-->[com.giphy.sdk:ui:1.3.2] AndroidManifest.xml:18:13-37
49        <uses-library
49-->[com.giphy.sdk:ui:1.3.2] AndroidManifest.xml:19:9-21:40
50            android:name="android.test.mock"
50-->[com.giphy.sdk:ui:1.3.2] AndroidManifest.xml:20:13-45
51            android:required="false" />
51-->[com.giphy.sdk:ui:1.3.2] AndroidManifest.xml:21:13-37
52
53        <provider
53-->[com.squareup.picasso:picasso:2.71828] AndroidManifest.xml:8:9-11:40
54            android:name="com.squareup.picasso.PicassoProvider"
54-->[com.squareup.picasso:picasso:2.71828] AndroidManifest.xml:9:13-64
55            android:authorities="com.testProject.giphy.com.squareup.picasso"
55-->[com.squareup.picasso:picasso:2.71828] AndroidManifest.xml:10:13-72
56            android:exported="false" />
56-->[com.squareup.picasso:picasso:2.71828] AndroidManifest.xml:11:13-37
57
58        <service
58-->[androidx.room:room-runtime:2.2.5] AndroidManifest.xml:25:9-28:40
59            android:name="androidx.room.MultiInstanceInvalidationService"
59-->[androidx.room:room-runtime:2.2.5] AndroidManifest.xml:26:13-74
60            android:directBootAware="true"
60-->[androidx.room:room-runtime:2.2.5] AndroidManifest.xml:27:13-43
61            android:exported="false" />
61-->[androidx.room:room-runtime:2.2.5] AndroidManifest.xml:28:13-37
62        <service
62-->[com.squareup.leakcanary:leakcanary-android:1.6.3] AndroidManifest.xml:29:9-32:45
63            android:name="com.squareup.leakcanary.internal.HeapAnalyzerService"
63-->[com.squareup.leakcanary:leakcanary-android:1.6.3] AndroidManifest.xml:30:13-80
64            android:enabled="false"
64-->[com.squareup.leakcanary:leakcanary-android:1.6.3] AndroidManifest.xml:31:13-36
65            android:process=":leakcanary" />
65-->[com.squareup.leakcanary:leakcanary-android:1.6.3] AndroidManifest.xml:32:13-42
66        <service
66-->[com.squareup.leakcanary:leakcanary-android:1.6.3] AndroidManifest.xml:33:9-36:45
67            android:name="com.squareup.leakcanary.DisplayLeakService"
67-->[com.squareup.leakcanary:leakcanary-android:1.6.3] AndroidManifest.xml:34:13-70
68            android:enabled="false"
68-->[com.squareup.leakcanary:leakcanary-android:1.6.3] AndroidManifest.xml:35:13-36
69            android:process=":leakcanary" />
69-->[com.squareup.leakcanary:leakcanary-android:1.6.3] AndroidManifest.xml:36:13-42
70
71        <provider
71-->[com.squareup.leakcanary:leakcanary-android:1.6.3] AndroidManifest.xml:38:9-46:20
72            android:name="com.squareup.leakcanary.internal.LeakCanaryFileProvider"
72-->[com.squareup.leakcanary:leakcanary-android:1.6.3] AndroidManifest.xml:39:13-83
73            android:authorities="com.squareup.leakcanary.fileprovider.com.testProject.giphy"
73-->[com.squareup.leakcanary:leakcanary-android:1.6.3] AndroidManifest.xml:40:13-88
74            android:exported="false"
74-->[com.squareup.leakcanary:leakcanary-android:1.6.3] AndroidManifest.xml:41:13-37
75            android:grantUriPermissions="true" >
75-->[com.squareup.leakcanary:leakcanary-android:1.6.3] AndroidManifest.xml:42:13-47
76            <meta-data
76-->[com.squareup.leakcanary:leakcanary-android:1.6.3] AndroidManifest.xml:43:13-45:66
77                android:name="android.support.FILE_PROVIDER_PATHS"
77-->[com.squareup.leakcanary:leakcanary-android:1.6.3] AndroidManifest.xml:44:17-67
78                android:resource="@xml/leak_canary_file_paths" />
78-->[com.squareup.leakcanary:leakcanary-android:1.6.3] AndroidManifest.xml:45:17-63
79        </provider>
80
81        <activity
81-->[com.squareup.leakcanary:leakcanary-android:1.6.3] AndroidManifest.xml:48:9-61:20
82            android:name="com.squareup.leakcanary.internal.DisplayLeakActivity"
82-->[com.squareup.leakcanary:leakcanary-android:1.6.3] AndroidManifest.xml:49:13-80
83            android:enabled="false"
83-->[com.squareup.leakcanary:leakcanary-android:1.6.3] AndroidManifest.xml:50:13-36
84            android:icon="@mipmap/leak_canary_icon"
84-->[com.squareup.leakcanary:leakcanary-android:1.6.3] AndroidManifest.xml:51:13-52
85            android:label="@string/leak_canary_display_activity_label"
85-->[com.squareup.leakcanary:leakcanary-android:1.6.3] AndroidManifest.xml:52:13-71
86            android:process=":leakcanary"
86-->[com.squareup.leakcanary:leakcanary-android:1.6.3] AndroidManifest.xml:53:13-42
87            android:taskAffinity="com.squareup.leakcanary.com.testProject.giphy"
87-->[com.squareup.leakcanary:leakcanary-android:1.6.3] AndroidManifest.xml:54:13-76
88            android:theme="@style/leak_canary_LeakCanary.Base" >
88-->[com.squareup.leakcanary:leakcanary-android:1.6.3] AndroidManifest.xml:55:13-63
89            <intent-filter>
89-->src/main/AndroidManifest.xml:25:13-29:29
90                <action android:name="android.intent.action.MAIN" />
90-->src/main/AndroidManifest.xml:26:17-69
90-->src/main/AndroidManifest.xml:26:25-66
91
92                <category android:name="android.intent.category.LAUNCHER" />
92-->src/main/AndroidManifest.xml:28:17-77
92-->src/main/AndroidManifest.xml:28:27-74
93            </intent-filter>
94        </activity>
95        <activity
95-->[com.squareup.leakcanary:leakcanary-android:1.6.3] AndroidManifest.xml:62:9-71:68
96            android:name="com.squareup.leakcanary.internal.RequestStoragePermissionActivity"
96-->[com.squareup.leakcanary:leakcanary-android:1.6.3] AndroidManifest.xml:63:13-93
97            android:enabled="false"
97-->[com.squareup.leakcanary:leakcanary-android:1.6.3] AndroidManifest.xml:64:13-36
98            android:excludeFromRecents="true"
98-->[com.squareup.leakcanary:leakcanary-android:1.6.3] AndroidManifest.xml:65:13-46
99            android:icon="@mipmap/leak_canary_icon"
99-->[com.squareup.leakcanary:leakcanary-android:1.6.3] AndroidManifest.xml:66:13-52
100            android:label="@string/leak_canary_storage_permission_activity_label"
100-->[com.squareup.leakcanary:leakcanary-android:1.6.3] AndroidManifest.xml:67:13-82
101            android:process=":leakcanary"
101-->[com.squareup.leakcanary:leakcanary-android:1.6.3] AndroidManifest.xml:68:13-42
102            android:roundIcon="@mipmap/leak_canary_icon"
102-->[com.squareup.leakcanary:leakcanary-android:1.6.3] AndroidManifest.xml:69:13-57
103            android:taskAffinity="com.squareup.leakcanary.com.testProject.giphy"
103-->[com.squareup.leakcanary:leakcanary-android:1.6.3] AndroidManifest.xml:70:13-76
104            android:theme="@style/leak_canary_Theme.Transparent" />
104-->[com.squareup.leakcanary:leakcanary-android:1.6.3] AndroidManifest.xml:71:13-65
105    </application>
106
107</manifest>